

HI-TECH Software PIC PRO Macro Assembler V9.83 build 10920 
                                                                                               Mon Jun 29 13:15:12 2020

HI-TECH Software Omniscient Code Generator (PRO mode) build 10920
     1                           	processor	16F685
     2                           	opt	pw 120
     3                           	opt	pm
     4                           	psect	text361,local,class=CODE,delta=2
     5                           	psect	cinit,global,class=CODE,delta=2
     6                           	psect	bssCOMMON,global,class=COMMON,space=1,delta=1
     7                           	psect	bssBANK0,global,class=BANK0,space=1,delta=1
     8                           	psect	cstackCOMMON,global,class=COMMON,space=1,delta=1
     9                           	psect	cstackBANK0,global,class=BANK0,space=1,delta=1
    10                           	psect	maintext,global,class=CODE,delta=2
    11                           	psect	text362,local,class=CODE,delta=2
    12                           	psect	text363,local,class=CODE,delta=2
    13                           	psect	text364,local,class=CODE,delta=2
    14                           	psect	text365,local,class=CODE,delta=2
    15                           	psect	text366,local,class=CODE,delta=2
    16                           	psect	text367,local,class=CODE,delta=2
    17                           	psect	text368,local,class=CODE,delta=2
    18                           	psect	text369,local,class=CODE,delta=2
    19                           	psect	text370,local,class=CODE,delta=2
    20                           	psect	text371,local,class=CODE,delta=2
    21                           	psect	text372,local,class=CODE,delta=2
    22                           	psect	intentry,global,class=CODE,delta=2
    23                           	psect	text373,local,class=CODE,delta=2
    24                           	psect	pa_nodes,global,class=CODE,delta=2
    25                           	dabs	1,0x11E,1
    26                           	dabs	1,0x11F,1
    27                           	dabs	1,0x119,1
    28                           	dabs	1,0x11A,1
    29                           	dabs	1,0x11B,1
    30                           	dabs	1,0x10F,1
    31                           	dabs	1,0x10E,1
    32                           	dabs	1,0x116,1
    33                           	dabs	1,0x19D,1
    34                           	dabs	1,0x19E,1
    35                           	dabs	1,0x118,1
    36                           	dabs	1,0x115,1
    37                           	dabs	1,0x11E,1
    38                           	dabs	1,0x11E,1
    39                           	dabs	1,0x11F,1
    40                           	dabs	1,0x11F,1
    41                           	dabs	1,0x11E,1
    42                           	dabs	1,0x11E,1
    43                           	dabs	1,0x11E,1
    44                           	dabs	1,0x11E,1
    45                           	dabs	1,0x11E,1
    46                           	dabs	1,0x11E,1
    47                           	dabs	1,0x11F,1
    48                           	dabs	1,0x11F,1
    49                           	dabs	1,0x119,1
    50                           	dabs	1,0x119,1
    51                           	dabs	1,0x119,1
    52                           	dabs	1,0x119,1
    53                           	dabs	1,0x119,1
    54                           	dabs	1,0x119,1
    55                           	dabs	1,0x119,1
    56                           	dabs	1,0x19E,1
    57                           	dabs	1,0x118,1
    58                           	dabs	1,0x11A,1
    59                           	dabs	1,0x11A,1
    60                           	dabs	1,0x11A,1
    61                           	dabs	1,0x11A,1
    62                           	dabs	1,0x11A,1
    63                           	dabs	1,0x11A,1
    64                           	dabs	1,0x11A,1
    65                           	dabs	1,0x19E,1
    66                           	dabs	1,0x11B,1
    67                           	dabs	1,0x118,1
    68                           	dabs	1,0x18C,1
    69                           	dabs	1,0x116,1
    70                           	dabs	1,0x116,1
    71                           	dabs	1,0x116,1
    72                           	dabs	1,0x116,1
    73                           	dabs	1,0x11B,1
    74                           	dabs	1,0x11B,1
    75                           	dabs	1,0x19E,1
    76                           	dabs	1,0x19E,1
    77                           	dabs	1,0x19E,1
    78                           	dabs	1,0x19E,1
    79                           	dabs	1,0x19D,1
    80                           	dabs	1,0x19D,1
    81                           	dabs	1,0x19D,1
    82                           	dabs	1,0x19D,1
    83                           	dabs	1,0x19D,1
    84                           	dabs	1,0x11B,1
    85                           	dabs	1,0x118,1
    86                           	dabs	1,0x118,1
    87                           	dabs	1,0x118,1
    88                           	dabs	1,0x118,1
    89                           	dabs	1,0x118,1
    90                           	dabs	1,0x118,1
    91                           	dabs	1,0x115,1
    92                           	dabs	1,0x115,1
    93                           	dabs	1,0x115,1
    94                           	dabs	1,0x115,1
    95                           	dabs	1,0x18C,1
    96                           	dabs	1,0x7E,2
    97  000A                     
    98                           	psect	text361
    99  0000                     __ptext361:	
   100  011E                     _ANSEL	set	286	;_ANSEL
   101  011F                     _ANSELH	set	287	;_ANSELH
   102  0119                     _CM1CON0	set	281	;_CM1CON0
   103  011A                     _CM2CON0	set	282	;_CM2CON0
   104  011B                     _CM2CON1	set	283	;_CM2CON1
   105  010F                     _EEADRH	set	271	;_EEADRH
   106  010E                     _EEDATH	set	270	;_EEDATH
   107  0116                     _IOCB	set	278	;_IOCB
   108  019D                     _PSTRCON	set	413	;_PSTRCON
   109  019E                     _SRCON	set	414	;_SRCON
   110  0118                     _VRCON	set	280	;_VRCON
   111  0115                     _WPUB	set	277	;_WPUB
   112  08F0                     _ANS0	set	2288	;_ANS0
   113  08F1                     _ANS1	set	2289	;_ANS1
   114  08FA                     _ANS10	set	2298	;_ANS10
   115  08FB                     _ANS11	set	2299	;_ANS11
   116  08F2                     _ANS2	set	2290	;_ANS2
   117  08F3                     _ANS3	set	2291	;_ANS3
   118  08F4                     _ANS4	set	2292	;_ANS4
   119  08F5                     _ANS5	set	2293	;_ANS5
   120  08F6                     _ANS6	set	2294	;_ANS6
   121  08F7                     _ANS7	set	2295	;_ANS7
   122  08F8                     _ANS8	set	2296	;_ANS8
   123  08F9                     _ANS9	set	2297	;_ANS9
   124  08C8                     _C1CH0	set	2248	;_C1CH0
   125  08C9                     _C1CH1	set	2249	;_C1CH1
   126  08CD                     _C1OE	set	2253	;_C1OE
   127  08CF                     _C1ON	set	2255	;_C1ON
   128  08CE                     _C1OUT	set	2254	;_C1OUT
   129  08CC                     _C1POL	set	2252	;_C1POL
   130  08CA                     _C1R	set	2250	;_C1R
   131  0CF5                     _C1SEN	set	3317	;_C1SEN
   132  08C7                     _C1VREN	set	2247	;_C1VREN
   133  08D0                     _C2CH0	set	2256	;_C2CH0
   134  08D1                     _C2CH1	set	2257	;_C2CH1
   135  08D5                     _C2OE	set	2261	;_C2OE
   136  08D7                     _C2ON	set	2263	;_C2ON
   137  08D6                     _C2OUT	set	2262	;_C2OUT
   138  08D4                     _C2POL	set	2260	;_C2POL
   139  08D2                     _C2R	set	2258	;_C2R
   140  0CF4                     _C2REN	set	3316	;_C2REN
   141  08D8                     _C2SYNC	set	2264	;_C2SYNC
   142  08C6                     _C2VREN	set	2246	;_C2VREN
   143  0C67                     _EEPGD	set	3175	;_EEPGD
   144  08B4                     _IOCB4	set	2228	;_IOCB4
   145  08B5                     _IOCB5	set	2229	;_IOCB5
   146  08B6                     _IOCB6	set	2230	;_IOCB6
   147  08B7                     _IOCB7	set	2231	;_IOCB7
   148  08DF                     _MC1OUT	set	2271	;_MC1OUT
   149  08DE                     _MC2OUT	set	2270	;_MC2OUT
   150  0CF2                     _PULSR	set	3314	;_PULSR
   151  0CF3                     _PULSS	set	3315	;_PULSS
   152  0CF6                     _SR0	set	3318	;_SR0
   153  0CF7                     _SR1	set	3319	;_SR1
   154  0CE8                     _STRA	set	3304	;_STRA
   155  0CE9                     _STRB	set	3305	;_STRB
   156  0CEA                     _STRC	set	3306	;_STRC
   157  0CEB                     _STRD	set	3307	;_STRD
   158  0CEC                     _STRSYNC	set	3308	;_STRSYNC
   159  08D9                     _T1GSS	set	2265	;_T1GSS
   160  08C4                     _VP6EN	set	2244	;_VP6EN
   161  08C0                     _VR0	set	2240	;_VR0
   162  08C1                     _VR1	set	2241	;_VR1
   163  08C2                     _VR2	set	2242	;_VR2
   164  08C3                     _VR3	set	2243	;_VR3
   165  08C5                     _VRR	set	2245	;_VRR
   166  08AC                     _WPUB4	set	2220	;_WPUB4
   167  08AD                     _WPUB5	set	2221	;_WPUB5
   168  08AE                     _WPUB6	set	2222	;_WPUB6
   169  08AF                     _WPUB7	set	2223	;_WPUB7
   170  0C62                     _WREN	set	3170	;_WREN
   171  000B                     _INTCON	set	11
   172  001B                     _MSCON	set	27
   173  0005                     _PORTA	set	5
   174  0007                     _PORTC	set	7
   175  001F                     _T0CON0	set	31
   176  0001                     _TMR0	set	1
   177  005F                     _GIE	set	95
   178  002B                     _PA3	set	43
   179  002E                     _PA6	set	46
   180  0038                     _PC0	set	56
   181  0039                     _PC1	set	57
   182  003C                     _PC4	set	60
   183  003D                     _PC5	set	61
   184  002C                     _RA4	set	44
   185  002F                     _RA7	set	47
   186  005D                     _T0IE	set	93
   187  005A                     _T0IF	set	90
   188  00FB                     _T0ON	set	251
   189  0081                     _OPTION	set	129
   190  008F                     _OSCCON	set	143
   191  0097                     _PSINKA	set	151
   192  009F                     _PSINKC	set	159
   193  0088                     _PSRCA	set	136
   194  0094                     _PSRCC	set	148
   195  0085                     _TRISA	set	133
   196  0087                     _TRISC	set	135
   197  0095                     _WPUA	set	149
   198  0093                     _WPUC	set	147
   199                           
   200                           	psect	cinit
   201  012F                     start_initialization:	
   202                           
   203                           ; Clear objects allocated to COMMON
   204  012F  01F9               	clrf	__pbssCOMMON& (0+127)
   205  0130  01FA               	clrf	(__pbssCOMMON+1)& (0+127)
   206  0131  01FB               	clrf	(__pbssCOMMON+2)& (0+127)
   207                           
   208                           ; Clear objects allocated to BANK0
   209  0132  01C0               	clrf	__pbssBANK0& (0+127)
   210  0133  01C1               	clrf	(__pbssBANK0+1)& (0+127)
   211  0134  01C2               	clrf	(__pbssBANK0+2)& (0+127)
   212  0135  01C3               	clrf	(__pbssBANK0+3)& (0+127)
   213  0136  01C4               	clrf	(__pbssBANK0+4)& (0+127)
   214  0137  01C5               	clrf	(__pbssBANK0+5)& (0+127)
   215  0138                     end_of_initialization:	
   216                           ;End of C runtime variable initialization code
   217                           
   218  0138  0183               	clrf	3
   219  0139  280B               	ljmp	_main	;jump to C main() function
   220                           
   221                           	psect	bssCOMMON
   222  0079                     __pbssCOMMON:	
   223  0079                     GetO3KeyEvent@keytime:	
   224  0079                     	ds	1
   225  007A                     GetUvKeyEvent@keytime:	
   226  007A                     	ds	1
   227  007B                     _O3_timeout:	
   228  007B                     	ds	1
   229                           
   230                           	psect	bssBANK0
   231  0040                     __pbssBANK0:	
   232  0040                     _O3_working_timer:	
   233  0040                     	ds	2
   234  0042                     _UV_working_timer:	
   235  0042                     	ds	2
   236  0044                     _T0_cnt:	
   237  0044                     	ds	1
   238  0045                     _UV_timeout:	
   239  0045                     	ds	1
   240                           
   241                           	psect	cstackCOMMON
   242  0070                     __pcstackCOMMON:	
   243  0070                     ?_DEVICE_INIT:	
   244  0070                     ?_DELAY_125US:	
   245                           ; 0 bytes @ 0x0
   246                           
   247  0070                     ?_ISR:	
   248                           ; 0 bytes @ 0x0
   249                           
   250  0070                     ??_ISR:	
   251                           ; 0 bytes @ 0x0
   252                           
   253  0070                     ?_TIMER0_INIT:	
   254                           ; 0 bytes @ 0x0
   255                           
   256  0070                     ?_ENABLE_INTERRUPT:	
   257                           ; 0 bytes @ 0x0
   258                           
   259  0070                     ?_PlaySound:	
   260                           ; 0 bytes @ 0x0
   261                           
   262  0070                     ?_SetUV:	
   263                           ; 0 bytes @ 0x0
   264                           
   265  0070                     ?_SetO3:	
   266                           ; 0 bytes @ 0x0
   267                           
   268  0070                     ?_main:	
   269                           ; 0 bytes @ 0x0
   270                           
   271  0070                     ?_GetO3KeyEvent:	
   272                           ; 0 bytes @ 0x0
   273                           
   274  0070                     ?_GetUvKeyEvent:	
   275                           ; 1 bytes @ 0x0
   276                           
   277                           
   278                           ; 1 bytes @ 0x0
   279  0070                     	ds	2
   280  0072                     ??_DEVICE_INIT:	
   281  0072                     ??_DELAY_125US:	
   282                           ; 0 bytes @ 0x2
   283                           
   284  0072                     ??_TIMER0_INIT:	
   285                           ; 0 bytes @ 0x2
   286                           
   287  0072                     ??_ENABLE_INTERRUPT:	
   288                           ; 0 bytes @ 0x2
   289                           
   290  0072                     ??_GetO3KeyEvent:	
   291                           ; 0 bytes @ 0x2
   292                           
   293  0072                     ??_GetUvKeyEvent:	
   294                           ; 0 bytes @ 0x2
   295                           
   296  0072                     DELAY_125US@a:	
   297                           ; 0 bytes @ 0x2
   298                           
   299  0072                     GetO3KeyEvent@key_event:	
   300                           ; 1 bytes @ 0x2
   301                           
   302  0072                     GetUvKeyEvent@key_event:	
   303                           ; 1 bytes @ 0x2
   304                           
   305                           
   306                           ; 1 bytes @ 0x2
   307  0072                     	ds	1
   308  0073                     ?_DELAY_MS:	
   309  0073                     DELAY_MS@Time:	
   310                           ; 0 bytes @ 0x3
   311                           
   312                           
   313                           ; 2 bytes @ 0x3
   314  0073                     	ds	2
   315  0075                     ??_DELAY_MS:	
   316  0075                     DELAY_MS@a:	
   317                           ; 0 bytes @ 0x5
   318                           
   319                           
   320                           ; 2 bytes @ 0x5
   321  0075                     	ds	2
   322  0077                     ??_PlaySound:	
   323  0077                     PlaySound@sn:	
   324                           ; 0 bytes @ 0x7
   325                           
   326                           
   327                           ; 1 bytes @ 0x7
   328  0077                     	ds	1
   329  0078                     PlaySound@i:	
   330                           
   331                           ; 1 bytes @ 0x8
   332  0078                     	ds	1
   333  0079                     ??_SetUV:	
   334  0079                     ??_SetO3:	
   335                           ; 0 bytes @ 0x9
   336                           
   337  0079                     ??_main:	
   338                           ; 0 bytes @ 0x9
   339                           
   340                           
   341                           	psect	cstackBANK0
   342  0046                     __pcstackBANK0:	
   343                           ; 0 bytes @ 0x9
   344                           
   345  0046                     SetUV@open:	
   346  0046                     SetO3@open:	
   347                           ; 1 bytes @ 0x0
   348                           
   349                           
   350                           ; 1 bytes @ 0x0
   351  0046                     	ds	1
   352  0047                     main@keycode:	
   353                           
   354                           ; 1 bytes @ 0x1
   355  0047                     	ds	1
   356                           
   357                           	psect	maintext
   358  000B                     __pmaintext:	
   359 ;;Data sizes: Strings 0, constant 0, data 0, bss 9, persistent 0 stack 0
   360 ;;Auto spaces:   Size  Autos    Used
   361 ;; COMMON          14      9      12
   362 ;; BANK0           48      2       8
   363 ;;
   364 ;; Pointer list with targets:
   365 ;;
   366 ;; Critical Paths under _main in COMMON
   367 ;;
   368 ;;   _main->_PlaySound
   369 ;;   _SetO3->_PlaySound
   370 ;;   _SetUV->_PlaySound
   371 ;;   _PlaySound->_DELAY_MS
   372 ;;   _DELAY_MS->_DELAY_125US
   373 ;;
   374 ;; Critical Paths under _ISR in COMMON
   375 ;;
   376 ;;   None.
   377 ;;
   378 ;; Critical Paths under _main in BANK0
   379 ;;
   380 ;;   _main->_SetUV
   381 ;;   _main->_SetO3
   382 ;;
   383 ;; Critical Paths under _ISR in BANK0
   384 ;;
   385 ;;   None.
   386 ;;
   387 ;;Main: autosize = 0, tempsize = 0, incstack = 0, save=0
   388 ;;
   389 ;;
   390 ;;Call Graph Tables:
   391 ;;
   392 ;; ---------------------------------------------------------------------------------
   393 ;; (Depth) Function   	        Calls       Base Space   Used Autos Params    Refs
   394 ;; ---------------------------------------------------------------------------------
   395 ;; (0) _main                                                 1     1      0    1279
   396 ;;                                              1 BANK0      1     1      0
   397 ;;                        _DEVICE_INIT
   398 ;;                        _TIMER0_INIT
   399 ;;                   _ENABLE_INTERRUPT
   400 ;;                          _PlaySound
   401 ;;                      _GetUvKeyEvent
   402 ;;                              _SetUV
   403 ;;                      _GetO3KeyEvent
   404 ;;                              _SetO3
   405 ;;                           _DELAY_MS
   406 ;; ---------------------------------------------------------------------------------
   407 ;; (1) _SetO3                                                1     1      0     340
   408 ;;                                              0 BANK0      1     1      0
   409 ;;                          _PlaySound
   410 ;; ---------------------------------------------------------------------------------
   411 ;; (1) _SetUV                                                1     1      0     340
   412 ;;                                              0 BANK0      1     1      0
   413 ;;                          _PlaySound
   414 ;; ---------------------------------------------------------------------------------
   415 ;; (2) _PlaySound                                            2     2      0     309
   416 ;;                                              7 COMMON     2     2      0
   417 ;;                           _DELAY_MS
   418 ;;                        _DELAY_125US
   419 ;; ---------------------------------------------------------------------------------
   420 ;; (1) _DELAY_MS                                             4     2      2     139
   421 ;;                                              3 COMMON     4     2      2
   422 ;;                        _DELAY_125US
   423 ;; ---------------------------------------------------------------------------------
   424 ;; (1) _GetUvKeyEvent                                        1     1      0      40
   425 ;;                                              2 COMMON     1     1      0
   426 ;; ---------------------------------------------------------------------------------
   427 ;; (1) _GetO3KeyEvent                                        1     1      0      40
   428 ;;                                              2 COMMON     1     1      0
   429 ;; ---------------------------------------------------------------------------------
   430 ;; (1) _ENABLE_INTERRUPT                                     0     0      0       0
   431 ;; ---------------------------------------------------------------------------------
   432 ;; (1) _TIMER0_INIT                                          0     0      0       0
   433 ;; ---------------------------------------------------------------------------------
   434 ;; (2) _DELAY_125US                                          1     1      0      68
   435 ;;                                              2 COMMON     1     1      0
   436 ;; ---------------------------------------------------------------------------------
   437 ;; (1) _DEVICE_INIT                                          0     0      0       0
   438 ;; ---------------------------------------------------------------------------------
   439 ;; Estimated maximum stack depth 2
   440 ;; ---------------------------------------------------------------------------------
   441 ;; (Depth) Function   	        Calls       Base Space   Used Autos Params    Refs
   442 ;; ---------------------------------------------------------------------------------
   443 ;; (5) _ISR                                                  2     2      0       0
   444 ;;                                              0 COMMON     2     2      0
   445 ;; ---------------------------------------------------------------------------------
   446 ;; Estimated maximum stack depth 5
   447 ;; ---------------------------------------------------------------------------------
   448 ;; Call Graph Graphs:
   449 ;; _main (ROOT)
   450 ;;   _DEVICE_INIT
   451 ;;   _TIMER0_INIT
   452 ;;   _ENABLE_INTERRUPT
   453 ;;   _PlaySound
   454 ;;     _DELAY_MS
   455 ;;       _DELAY_125US
   456 ;;     _DELAY_125US
   457 ;;   _GetUvKeyEvent
   458 ;;   _SetUV
   459 ;;     _PlaySound
   460 ;;       _DELAY_MS
   461 ;;         _DELAY_125US
   462 ;;       _DELAY_125US
   463 ;;   _GetO3KeyEvent
   464 ;;   _SetO3
   465 ;;     _PlaySound
   466 ;;       _DELAY_MS
   467 ;;         _DELAY_125US
   468 ;;       _DELAY_125US
   469 ;;   _DELAY_MS
   470 ;;     _DELAY_125US
   471 ;;
   472 ;; _ISR (ROOT)
   473 ;;
   474 ;; Address spaces:
   475 ;;Name               Size   Autos  Total    Cost      Usage
   476 ;;BITCOMMON            E      0       0       0        0.0%
   477 ;;EEDATA             100      0       0       0        0.0%
   478 ;;NULL                 0      0       0       0        0.0%
   479 ;;CODE                 0      0       0       0        0.0%
   480 ;;COMMON               E      9       C       1       85.7%
   481 ;;BITSFR0              0      0       0       1        0.0%
   482 ;;SFR0                 0      0       0       1        0.0%
   483 ;;BITSFR1              0      0       0       2        0.0%
   484 ;;SFR1                 0      0       0       2        0.0%
   485 ;;STACK                0      0       4       2        0.0%
   486 ;;DATA                 0      0      18       3        0.0%
   487 ;;BITBANK0            30      0       0       4        0.0%
   488 ;;BANK0               30      2       8       5       16.7%
   489 ;;ABS                  0      0      14       6        0.0%
   490                           
   491                           
   492 ;; *************** function _main *****************
   493 ;; Defined at:
   494 ;;		line 292 in file "MS86F_PWM1_HALF.C"
   495 ;; Parameters:    Size  Location     Type
   496 ;;		None
   497 ;; Auto vars:     Size  Location     Type
   498 ;;  keycode         1    1[BANK0 ] unsigned char 
   499 ;; Return value:  Size  Location     Type
   500 ;;		None               void
   501 ;; Registers used:
   502 ;;		wreg, status,2, status,0, pclath, cstack
   503 ;; Tracked objects:
   504 ;;		On entry : 17F/0
   505 ;;		On exit  : 0/0
   506 ;;		Unchanged: FFE00/0
   507 ;; Data sizes:     COMMON   BANK0
   508 ;;      Params:         0       0
   509 ;;      Locals:         0       1
   510 ;;      Temps:          0       0
   511 ;;      Totals:         0       1
   512 ;;Total ram usage:        1 bytes
   513 ;; Hardware stack levels required when called:    5
   514 ;; This function calls:
   515 ;;		_DEVICE_INIT
   516 ;;		_TIMER0_INIT
   517 ;;		_ENABLE_INTERRUPT
   518 ;;		_PlaySound
   519 ;;		_GetUvKeyEvent
   520 ;;		_SetUV
   521 ;;		_GetO3KeyEvent
   522 ;;		_SetO3
   523 ;;		_DELAY_MS
   524 ;; This function is called by:
   525 ;;		Startup code after reset
   526 ;; This function uses a non-reentrant model
   527 ;;
   528  000B                     _main:	
   529                           
   530                           ;MS86F_PWM1_HALF.C: 294: O3_working_timer=0;
   531                           
   532                           ; Regs used in _main: [wreg+status,2+status,0+pclath+cstack]
   533  000B  01C0               	clrf	_O3_working_timer
   534  000C  01C1               	clrf	_O3_working_timer+1
   535                           
   536                           ;MS86F_PWM1_HALF.C: 295: UV_timeout=0;
   537  000D  01C5               	clrf	_UV_timeout
   538                           
   539                           ;MS86F_PWM1_HALF.C: 296: UV_working_timer=0;
   540  000E  01C2               	clrf	_UV_working_timer
   541  000F  01C3               	clrf	_UV_working_timer+1
   542                           
   543                           ;MS86F_PWM1_HALF.C: 297: UV_timeout=0;
   544  0010  01C5               	clrf	_UV_timeout
   545                           
   546                           ;MS86F_PWM1_HALF.C: 298: DEVICE_INIT();
   547  0011  20BB               	fcall	_DEVICE_INIT
   548                           
   549                           ;MS86F_PWM1_HALF.C: 299: TIMER0_INIT();
   550  0012  2148               	fcall	_TIMER0_INIT
   551                           
   552                           ;MS86F_PWM1_HALF.C: 300: ENABLE_INTERRUPT();
   553  0013  2142               	fcall	_ENABLE_INTERRUPT
   554                           
   555                           ;MS86F_PWM1_HALF.C: 301: PlaySound(0xef);
   556  0014  30EF               	movlw	239
   557  0015  2077               	fcall	_PlaySound
   558                           
   559                           ;MS86F_PWM1_HALF.C: 302: PlaySound(1);
   560  0016  3001               	movlw	1
   561  0017  2077               	fcall	_PlaySound
   562  0018                     l2514:	
   563                           
   564                           ;MS86F_PWM1_HALF.C: 304: {
   565                           ;MS86F_PWM1_HALF.C: 305: keycode=GetUvKeyEvent();
   566  0018  209E               	fcall	_GetUvKeyEvent
   567  0019  00C7               	movwf	main@keycode
   568                           
   569                           ;MS86F_PWM1_HALF.C: 306: if(keycode>0 || UV_timeout)
   570  001A  08C7               	movf	main@keycode,f
   571  001B  1903               	btfsc	3,2
   572  001C  0845               	movf	_UV_timeout,w
   573  001D  1903               	btfsc	3,2
   574  001E  282B               	goto	l2530
   575                           
   576                           ;MS86F_PWM1_HALF.C: 307: {
   577                           ;MS86F_PWM1_HALF.C: 308: if(UV_timeout || UV_working_timer)SetUV(0);
   578  001F  08C5               	movf	_UV_timeout,f
   579  0020  1D03               	skipz
   580  0021  2826               	goto	l2524
   581  0022  0843               	movf	_UV_working_timer+1,w
   582  0023  0442               	iorwf	_UV_working_timer,w
   583  0024  1903               	skipnz
   584  0025  2828               	goto	l2526
   585  0026                     l2524:	
   586  0026  3000               	movlw	0
   587  0027  2829               	goto	L1
   588  0028                     l2526:	
   589                           
   590                           ;MS86F_PWM1_HALF.C: 309: else SetUV(1);
   591  0028  3001               	movlw	1
   592  0029                     L1:	
   593  0029  211E               	fcall	_SetUV
   594                           
   595                           ;MS86F_PWM1_HALF.C: 310: UV_timeout=0;
   596  002A  01C5               	clrf	_UV_timeout
   597  002B                     l2530:	
   598                           
   599                           ;MS86F_PWM1_HALF.C: 311: }
   600                           ;MS86F_PWM1_HALF.C: 312: keycode=GetO3KeyEvent();
   601  002B  20D8               	fcall	_GetO3KeyEvent
   602  002C  00C7               	movwf	main@keycode
   603                           
   604                           ;MS86F_PWM1_HALF.C: 313: if(keycode>0 || O3_timeout)
   605  002D  08C7               	movf	main@keycode,f
   606  002E  1903               	btfsc	3,2
   607  002F  087B               	movf	_O3_timeout,w
   608  0030  1903               	btfsc	3,2
   609  0031  283E               	goto	l2546
   610                           
   611                           ;MS86F_PWM1_HALF.C: 314: {
   612                           ;MS86F_PWM1_HALF.C: 315: if(O3_timeout || O3_working_timer)SetO3(0);
   613  0032  08FB               	movf	_O3_timeout,f
   614  0033  1D03               	skipz
   615  0034  2839               	goto	l2540
   616  0035  0841               	movf	_O3_working_timer+1,w
   617  0036  0440               	iorwf	_O3_working_timer,w
   618  0037  1903               	skipnz
   619  0038  283B               	goto	l2542
   620  0039                     l2540:	
   621  0039  3000               	movlw	0
   622  003A  283C               	goto	L2
   623  003B                     l2542:	
   624                           
   625                           ;MS86F_PWM1_HALF.C: 316: else SetO3(1);
   626  003B  3001               	movlw	1
   627  003C                     L2:	
   628  003C  210C               	fcall	_SetO3
   629                           
   630                           ;MS86F_PWM1_HALF.C: 317: O3_timeout=0;
   631  003D  01FB               	clrf	_O3_timeout
   632  003E                     l2546:	
   633                           
   634                           ;MS86F_PWM1_HALF.C: 318: }
   635                           ;MS86F_PWM1_HALF.C: 320: DELAY_MS(10);
   636  003E  300A               	movlw	10
   637  003F  00F3               	movwf	?_DELAY_MS
   638  0040  01F4               	clrf	?_DELAY_MS+1
   639  0041  20F4               	fcall	_DELAY_MS
   640  0042  2818               	goto	l2514
   641  0043                     __end_of_main:	
   642                           
   643                           	psect	text362
   644  010C                     __ptext362:	
   645 ;; =============== function _main ends ============
   646                           
   647                           
   648 ;; *************** function _SetO3 *****************
   649 ;; Defined at:
   650 ;;		line 269 in file "MS86F_PWM1_HALF.C"
   651 ;; Parameters:    Size  Location     Type
   652 ;;  open            1    wreg     unsigned char 
   653 ;; Auto vars:     Size  Location     Type
   654 ;;  open            1    0[BANK0 ] unsigned char 
   655 ;; Return value:  Size  Location     Type
   656 ;;		None               void
   657 ;; Registers used:
   658 ;;		wreg, status,2, status,0, pclath, cstack
   659 ;; Tracked objects:
   660 ;;		On entry : 20/0
   661 ;;		On exit  : 20/0
   662 ;;		Unchanged: FFE00/0
   663 ;; Data sizes:     COMMON   BANK0
   664 ;;      Params:         0       0
   665 ;;      Locals:         0       1
   666 ;;      Temps:          0       0
   667 ;;      Totals:         0       1
   668 ;;Total ram usage:        1 bytes
   669 ;; Hardware stack levels used:    1
   670 ;; Hardware stack levels required when called:    4
   671 ;; This function calls:
   672 ;;		_PlaySound
   673 ;; This function is called by:
   674 ;;		_main
   675 ;; This function uses a non-reentrant model
   676 ;;
   677  010C                     _SetO3:	
   678                           
   679                           ; Regs used in _SetO3: [wreg+status,2+status,0+pclath+cstack]
   680                           ;SetO3@open stored from wreg
   681  010C  00C6               	movwf	SetO3@open
   682                           
   683                           ;MS86F_PWM1_HALF.C: 270: if(open)
   684  010D  0846               	movf	SetO3@open,w
   685  010E  1903               	btfsc	3,2
   686  010F  2918               	goto	l857
   687  0110  3058               	movlw	88
   688                           
   689                           ;MS86F_PWM1_HALF.C: 271: {
   690                           ;MS86F_PWM1_HALF.C: 272: PC1=0;
   691  0111  1087               	bcf	7,1
   692                           
   693                           ;MS86F_PWM1_HALF.C: 273: PC0=1;
   694  0112  1407               	bsf	7,0
   695                           
   696                           ;MS86F_PWM1_HALF.C: 274: O3_working_timer=60*10;
   697  0113  00C0               	movwf	_O3_working_timer
   698  0114  3002               	movlw	2
   699  0115  00C1               	movwf	_O3_working_timer+1
   700                           
   701                           ;MS86F_PWM1_HALF.C: 275: PlaySound(4);
   702  0116  3004               	movlw	4
   703  0117  2877               	ljmp	_PlaySound
   704  0118                     l857:	
   705                           ;MS86F_PWM1_HALF.C: 276: }
   706                           
   707  0118  3005               	movlw	5
   708                           
   709                           ;MS86F_PWM1_HALF.C: 277: else
   710                           ;MS86F_PWM1_HALF.C: 278: {
   711                           ;MS86F_PWM1_HALF.C: 279: PC1=1;
   712  0119  1487               	bsf	7,1
   713                           
   714                           ;MS86F_PWM1_HALF.C: 280: PC0=0;
   715  011A  1007               	bcf	7,0
   716                           
   717                           ;MS86F_PWM1_HALF.C: 281: O3_working_timer=0;
   718  011B  01C0               	clrf	_O3_working_timer
   719  011C  01C1               	clrf	_O3_working_timer+1
   720                           
   721                           ;MS86F_PWM1_HALF.C: 282: PlaySound(5);
   722  011D  2877               	ljmp	_PlaySound
   723  011E                     __end_of_SetO3:	
   724                           
   725                           	psect	text363
   726  011E                     __ptext363:	
   727 ;; =============== function _SetO3 ends ============
   728                           
   729                           
   730 ;; *************** function _SetUV *****************
   731 ;; Defined at:
   732 ;;		line 252 in file "MS86F_PWM1_HALF.C"
   733 ;; Parameters:    Size  Location     Type
   734 ;;  open            1    wreg     unsigned char 
   735 ;; Auto vars:     Size  Location     Type
   736 ;;  open            1    0[BANK0 ] unsigned char 
   737 ;; Return value:  Size  Location     Type
   738 ;;		None               void
   739 ;; Registers used:
   740 ;;		wreg, status,2, status,0, pclath, cstack
   741 ;; Tracked objects:
   742 ;;		On entry : 20/0
   743 ;;		On exit  : 20/0
   744 ;;		Unchanged: FFE00/0
   745 ;; Data sizes:     COMMON   BANK0
   746 ;;      Params:         0       0
   747 ;;      Locals:         0       1
   748 ;;      Temps:          0       0
   749 ;;      Totals:         0       1
   750 ;;Total ram usage:        1 bytes
   751 ;; Hardware stack levels used:    1
   752 ;; Hardware stack levels required when called:    4
   753 ;; This function calls:
   754 ;;		_PlaySound
   755 ;; This function is called by:
   756 ;;		_main
   757 ;; This function uses a non-reentrant model
   758 ;;
   759  011E                     _SetUV:	
   760                           
   761                           ; Regs used in _SetUV: [wreg+status,2+status,0+pclath+cstack]
   762                           ;SetUV@open stored from wreg
   763  011E  00C6               	movwf	SetUV@open
   764                           
   765                           ;MS86F_PWM1_HALF.C: 253: if(open)
   766  011F  0846               	movf	SetUV@open,w
   767  0120  1903               	btfsc	3,2
   768  0121  2929               	goto	l852
   769  0122  30B4               	movlw	180
   770                           
   771                           ;MS86F_PWM1_HALF.C: 254: {
   772                           ;MS86F_PWM1_HALF.C: 255: RA4=0;
   773  0123  1205               	bcf	5,4
   774                           
   775                           ;MS86F_PWM1_HALF.C: 256: PA3=0;
   776  0124  1185               	bcf	5,3
   777                           
   778                           ;MS86F_PWM1_HALF.C: 257: UV_working_timer=60*3;
   779  0125  00C2               	movwf	_UV_working_timer
   780  0126  3002               	movlw	2
   781  0127  01C3               	clrf	_UV_working_timer+1
   782                           
   783                           ;MS86F_PWM1_HALF.C: 258: PlaySound(2);
   784  0128  2877               	ljmp	_PlaySound
   785  0129                     l852:	
   786                           ;MS86F_PWM1_HALF.C: 259: }
   787                           
   788  0129  3003               	movlw	3
   789                           
   790                           ;MS86F_PWM1_HALF.C: 260: else
   791                           ;MS86F_PWM1_HALF.C: 261: {
   792                           ;MS86F_PWM1_HALF.C: 262: RA4=1;
   793  012A  1605               	bsf	5,4
   794                           
   795                           ;MS86F_PWM1_HALF.C: 263: PA3=1;
   796  012B  1585               	bsf	5,3
   797                           
   798                           ;MS86F_PWM1_HALF.C: 264: UV_working_timer=0;
   799  012C  01C2               	clrf	_UV_working_timer
   800  012D  01C3               	clrf	_UV_working_timer+1
   801                           
   802                           ;MS86F_PWM1_HALF.C: 265: PlaySound(3);
   803  012E  2877               	ljmp	_PlaySound
   804  012F                     __end_of_SetUV:	
   805                           
   806                           	psect	text364
   807  0077                     __ptext364:	
   808 ;; =============== function _SetUV ends ============
   809                           
   810                           
   811 ;; *************** function _PlaySound *****************
   812 ;; Defined at:
   813 ;;		line 224 in file "MS86F_PWM1_HALF.C"
   814 ;; Parameters:    Size  Location     Type
   815 ;;  sn              1    wreg     unsigned char 
   816 ;; Auto vars:     Size  Location     Type
   817 ;;  sn              1    7[COMMON] unsigned char 
   818 ;;  i               1    8[COMMON] unsigned char 
   819 ;; Return value:  Size  Location     Type
   820 ;;		None               void
   821 ;; Registers used:
   822 ;;		wreg, status,2, status,0, pclath, cstack
   823 ;; Tracked objects:
   824 ;;		On entry : 20/0
   825 ;;		On exit  : 20/0
   826 ;;		Unchanged: FFE00/0
   827 ;; Data sizes:     COMMON   BANK0
   828 ;;      Params:         0       0
   829 ;;      Locals:         2       0
   830 ;;      Temps:          0       0
   831 ;;      Totals:         2       0
   832 ;;Total ram usage:        2 bytes
   833 ;; Hardware stack levels used:    1
   834 ;; Hardware stack levels required when called:    3
   835 ;; This function calls:
   836 ;;		_DELAY_MS
   837 ;;		_DELAY_125US
   838 ;; This function is called by:
   839 ;;		_SetUV
   840 ;;		_SetO3
   841 ;;		_main
   842 ;; This function uses a non-reentrant model
   843 ;;
   844  0077                     _PlaySound:	
   845                           
   846                           ; Regs used in _PlaySound: [wreg+status,2+status,0+pclath+cstack]
   847                           ;PlaySound@sn stored from wreg
   848  0077  00F7               	movwf	PlaySound@sn
   849  0078  3005               	movlw	5
   850                           
   851                           ;MS86F_PWM1_HALF.C: 225: char i;
   852                           ;MS86F_PWM1_HALF.C: 226: PA6=1;
   853  0079  1705               	bsf	5,6
   854                           
   855                           ;MS86F_PWM1_HALF.C: 227: RA7=1;
   856  007A  1785               	bsf	5,7
   857                           
   858                           ;MS86F_PWM1_HALF.C: 229: PA6=0;
   859  007B  1305               	bcf	5,6
   860                           
   861                           ;MS86F_PWM1_HALF.C: 230: DELAY_MS(5);
   862  007C  00F3               	movwf	?_DELAY_MS
   863  007D  01F4               	clrf	?_DELAY_MS+1
   864  007E  20F4               	fcall	_DELAY_MS
   865                           
   866                           ;MS86F_PWM1_HALF.C: 232: for(i=0;i<8;i++)
   867  007F  01F8               	clrf	PlaySound@i
   868                           
   869                           ;MS86F_PWM1_HALF.C: 233: {
   870                           ;MS86F_PWM1_HALF.C: 234: PA6=0;
   871  0080  1283               	bcf	3,5	;RP0=0, select bank0
   872  0081                     L3:	
   873  0081  1305               	bcf	5,6
   874                           
   875                           ;MS86F_PWM1_HALF.C: 235: RA7=(sn&1);
   876  0082  1C77               	btfss	PlaySound@sn,0
   877  0083  2887               	goto	u770
   878  0084  1283               	bcf	3,5	;RP0=0, select bank0
   879  0085  1785               	bsf	5,7
   880  0086  2889               	goto	l2468
   881  0087                     u770:	
   882  0087  1283               	bcf	3,5	;RP0=0, select bank0
   883  0088  1385               	bcf	5,7
   884  0089                     l2468:	
   885                           
   886                           ;MS86F_PWM1_HALF.C: 236: DELAY_125US();
   887  0089  213A               	fcall	_DELAY_125US
   888                           
   889                           ;MS86F_PWM1_HALF.C: 237: DELAY_125US();
   890  008A  213A               	fcall	_DELAY_125US
   891                           
   892                           ;MS86F_PWM1_HALF.C: 238: DELAY_125US();
   893  008B  213A               	fcall	_DELAY_125US
   894                           
   895                           ;MS86F_PWM1_HALF.C: 239: DELAY_125US();
   896  008C  213A               	fcall	_DELAY_125US
   897                           
   898                           ;MS86F_PWM1_HALF.C: 240: PA6=1;
   899  008D  1283               	bcf	3,5	;RP0=0, select bank0
   900  008E  1705               	bsf	5,6
   901                           
   902                           ;MS86F_PWM1_HALF.C: 241: DELAY_125US();
   903  008F  213A               	fcall	_DELAY_125US
   904                           
   905                           ;MS86F_PWM1_HALF.C: 242: DELAY_125US();
   906  0090  213A               	fcall	_DELAY_125US
   907                           
   908                           ;MS86F_PWM1_HALF.C: 243: DELAY_125US();
   909  0091  213A               	fcall	_DELAY_125US
   910                           
   911                           ;MS86F_PWM1_HALF.C: 244: DELAY_125US();
   912  0092  213A               	fcall	_DELAY_125US
   913  0093  3008               	movlw	8
   914                           
   915                           ;MS86F_PWM1_HALF.C: 246: sn>>=1;
   916  0094  1003               	clrc
   917  0095  0CF7               	rrf	PlaySound@sn,f
   918  0096  0AF8               	incf	PlaySound@i,f
   919  0097  0278               	subwf	PlaySound@i,w
   920                           
   921                           ;MS86F_PWM1_HALF.C: 247: }
   922                           ;MS86F_PWM1_HALF.C: 248: PA6=1;
   923  0098  1283               	bcf	3,5	;RP0=0, select bank0
   924  0099  1C03               	skipc
   925  009A  2881               	goto	L3
   926  009B  1705               	bsf	5,6
   927                           
   928                           ;MS86F_PWM1_HALF.C: 249: RA7=1;
   929  009C  1785               	bsf	5,7
   930  009D  0008               	return
   931  009E                     __end_of_PlaySound:	
   932                           
   933                           	psect	text365
   934  00F4                     __ptext365:	
   935 ;; =============== function _PlaySound ends ============
   936                           
   937                           
   938 ;; *************** function _DELAY_MS *****************
   939 ;; Defined at:
   940 ;;		line 116 in file "MS86F_PWM1_HALF.C"
   941 ;; Parameters:    Size  Location     Type
   942 ;;  Time            2    3[COMMON] unsigned short 
   943 ;; Auto vars:     Size  Location     Type
   944 ;;  a               2    5[COMMON] unsigned short 
   945 ;; Return value:  Size  Location     Type
   946 ;;		None               void
   947 ;; Registers used:
   948 ;;		wreg, status,2, status,0, pclath, cstack
   949 ;; Tracked objects:
   950 ;;		On entry : 20/0
   951 ;;		On exit  : 0/0
   952 ;;		Unchanged: FFE00/0
   953 ;; Data sizes:     COMMON   BANK0
   954 ;;      Params:         2       0
   955 ;;      Locals:         2       0
   956 ;;      Temps:          0       0
   957 ;;      Totals:         4       0
   958 ;;Total ram usage:        4 bytes
   959 ;; Hardware stack levels used:    1
   960 ;; Hardware stack levels required when called:    2
   961 ;; This function calls:
   962 ;;		_DELAY_125US
   963 ;; This function is called by:
   964 ;;		_PlaySound
   965 ;;		_main
   966 ;; This function uses a non-reentrant model
   967 ;;
   968  00F4                     _DELAY_MS:	
   969                           
   970                           ;MS86F_PWM1_HALF.C: 117: unsigned short a;
   971                           ;MS86F_PWM1_HALF.C: 119: Time<<=3;
   972                           
   973                           ; Regs used in _DELAY_MS: [wreg+status,2+status,0+pclath+cstack]
   974  00F4  1003               	clrc
   975  00F5  0DF3               	rlf	DELAY_MS@Time,f
   976  00F6  0DF4               	rlf	DELAY_MS@Time+1,f
   977  00F7  1003               	clrc
   978  00F8  0DF3               	rlf	DELAY_MS@Time,f
   979  00F9  0DF4               	rlf	DELAY_MS@Time+1,f
   980  00FA  1003               	clrc
   981  00FB  0DF3               	rlf	DELAY_MS@Time,f
   982  00FC  0DF4               	rlf	DELAY_MS@Time+1,f
   983                           
   984                           ;MS86F_PWM1_HALF.C: 121: for(a=0;a<Time;a++)
   985  00FD  01F5               	clrf	DELAY_MS@a
   986  00FE  01F6               	clrf	DELAY_MS@a+1
   987  00FF                     l2456:	
   988  00FF  0874               	movf	DELAY_MS@Time+1,w
   989  0100  0276               	subwf	DELAY_MS@a+1,w
   990  0101  1D03               	skipz
   991  0102  2905               	goto	u765
   992  0103  0873               	movf	DELAY_MS@Time,w
   993  0104  0275               	subwf	DELAY_MS@a,w
   994  0105                     u765:	
   995  0105  1803               	btfsc	3,0
   996  0106  0008               	return
   997                           
   998                           ;MS86F_PWM1_HALF.C: 122: {
   999                           ;MS86F_PWM1_HALF.C: 123: DELAY_125US();
  1000  0107  213A               	fcall	_DELAY_125US
  1001  0108  0AF5               	incf	DELAY_MS@a,f
  1002  0109  1903               	skipnz
  1003  010A  0AF6               	incf	DELAY_MS@a+1,f
  1004  010B  28FF               	goto	l2456
  1005  010C                     __end_of_DELAY_MS:	
  1006                           
  1007                           	psect	text366
  1008  009E                     __ptext366:	
  1009 ;; =============== function _DELAY_MS ends ============
  1010                           
  1011                           
  1012 ;; *************** function _GetUvKeyEvent *****************
  1013 ;; Defined at:
  1014 ;;		line 205 in file "MS86F_PWM1_HALF.C"
  1015 ;; Parameters:    Size  Location     Type
  1016 ;;		None
  1017 ;; Auto vars:     Size  Location     Type
  1018 ;;  key_event       1    2[COMMON] unsigned char 
  1019 ;; Return value:  Size  Location     Type
  1020 ;;                  1    wreg      unsigned char 
  1021 ;; Registers used:
  1022 ;;		wreg, status,2, status,0
  1023 ;; Tracked objects:
  1024 ;;		On entry : 0/0
  1025 ;;		On exit  : 20/0
  1026 ;;		Unchanged: FFFDF/0
  1027 ;; Data sizes:     COMMON   BANK0
  1028 ;;      Params:         0       0
  1029 ;;      Locals:         1       0
  1030 ;;      Temps:          0       0
  1031 ;;      Totals:         1       0
  1032 ;;Total ram usage:        1 bytes
  1033 ;; Hardware stack levels used:    1
  1034 ;; Hardware stack levels required when called:    1
  1035 ;; This function calls:
  1036 ;;		Nothing
  1037 ;; This function is called by:
  1038 ;;		_main
  1039 ;; This function uses a non-reentrant model
  1040 ;;
  1041  009E                     _GetUvKeyEvent:	
  1042                           
  1043                           ;MS86F_PWM1_HALF.C: 206: static unsigned char keytime=0;
  1044                           ;MS86F_PWM1_HALF.C: 207: unsigned char key_event=0;
  1045                           
  1046                           ; Regs used in _GetUvKeyEvent: [wreg+status,2+status,0]
  1047  009E  01F2               	clrf	GetUvKeyEvent@key_event
  1048                           
  1049                           ;MS86F_PWM1_HALF.C: 208: if(PC5==0)
  1050  009F  1283               	bcf	3,5	;RP0=0, select bank0
  1051  00A0  1A87               	btfsc	7,5
  1052  00A1  28AE               	goto	l2436
  1053                           
  1054                           ;MS86F_PWM1_HALF.C: 209: {
  1055                           ;MS86F_PWM1_HALF.C: 210: if(keytime<200)
  1056  00A2  30C8               	movlw	200
  1057  00A3  027A               	subwf	GetUvKeyEvent@keytime,w
  1058  00A4  1803               	skipnc
  1059  00A5  28B9               	goto	l2444
  1060  00A6  30C8               	movlw	200
  1061                           
  1062                           ;MS86F_PWM1_HALF.C: 211: {
  1063                           ;MS86F_PWM1_HALF.C: 212: keytime++;
  1064  00A7  0AFA               	incf	GetUvKeyEvent@keytime,f
  1065                           
  1066                           ;MS86F_PWM1_HALF.C: 213: if(keytime>=200)key_event = 2;
  1067  00A8  027A               	subwf	GetUvKeyEvent@keytime,w
  1068  00A9  1C03               	skipc
  1069  00AA  28B9               	goto	l2444
  1070  00AB  3002               	movlw	2
  1071  00AC  00F2               	movwf	GetUvKeyEvent@key_event
  1072  00AD  28B9               	goto	l2444
  1073  00AE                     l2436:	
  1074                           
  1075                           ;MS86F_PWM1_HALF.C: 216: else
  1076                           ;MS86F_PWM1_HALF.C: 217: {
  1077                           ;MS86F_PWM1_HALF.C: 218: if(keytime>10 && keytime<200)key_event=1;
  1078  00AE  300B               	movlw	11
  1079  00AF  027A               	subwf	GetUvKeyEvent@keytime,w
  1080  00B0  1C03               	skipc
  1081  00B1  28B8               	goto	l2442
  1082  00B2  30C8               	movlw	200
  1083  00B3  027A               	subwf	GetUvKeyEvent@keytime,w
  1084  00B4  1803               	skipnc
  1085  00B5  28B8               	goto	l2442
  1086  00B6  01F2               	clrf	GetUvKeyEvent@key_event
  1087  00B7  0AF2               	incf	GetUvKeyEvent@key_event,f
  1088  00B8                     l2442:	
  1089                           
  1090                           ;MS86F_PWM1_HALF.C: 219: keytime=0;
  1091  00B8  01FA               	clrf	GetUvKeyEvent@keytime
  1092  00B9                     l2444:	
  1093                           
  1094                           ;MS86F_PWM1_HALF.C: 220: }
  1095                           ;MS86F_PWM1_HALF.C: 221: return key_event;
  1096  00B9  0872               	movf	GetUvKeyEvent@key_event,w
  1097  00BA  0008               	return
  1098  00BB                     __end_of_GetUvKeyEvent:	
  1099                           
  1100                           	psect	text367
  1101  00D8                     __ptext367:	
  1102 ;; =============== function _GetUvKeyEvent ends ============
  1103                           
  1104                           
  1105 ;; *************** function _GetO3KeyEvent *****************
  1106 ;; Defined at:
  1107 ;;		line 186 in file "MS86F_PWM1_HALF.C"
  1108 ;; Parameters:    Size  Location     Type
  1109 ;;		None
  1110 ;; Auto vars:     Size  Location     Type
  1111 ;;  key_event       1    2[COMMON] unsigned char 
  1112 ;; Return value:  Size  Location     Type
  1113 ;;                  1    wreg      unsigned char 
  1114 ;; Registers used:
  1115 ;;		wreg, status,2, status,0
  1116 ;; Tracked objects:
  1117 ;;		On entry : 20/0
  1118 ;;		On exit  : 20/0
  1119 ;;		Unchanged: FFFDF/0
  1120 ;; Data sizes:     COMMON   BANK0
  1121 ;;      Params:         0       0
  1122 ;;      Locals:         1       0
  1123 ;;      Temps:          0       0
  1124 ;;      Totals:         1       0
  1125 ;;Total ram usage:        1 bytes
  1126 ;; Hardware stack levels used:    1
  1127 ;; Hardware stack levels required when called:    1
  1128 ;; This function calls:
  1129 ;;		Nothing
  1130 ;; This function is called by:
  1131 ;;		_main
  1132 ;; This function uses a non-reentrant model
  1133 ;;
  1134  00D8                     _GetO3KeyEvent:	
  1135                           
  1136                           ;MS86F_PWM1_HALF.C: 187: static unsigned char keytime=0;
  1137                           ;MS86F_PWM1_HALF.C: 188: unsigned char key_event=0;
  1138                           
  1139                           ; Regs used in _GetO3KeyEvent: [wreg+status,2+status,0]
  1140  00D8  01F2               	clrf	GetO3KeyEvent@key_event
  1141                           
  1142                           ;MS86F_PWM1_HALF.C: 189: if(PC4==0)
  1143  00D9  1A07               	btfsc	7,4
  1144  00DA  28E7               	goto	l2412
  1145                           
  1146                           ;MS86F_PWM1_HALF.C: 190: {
  1147                           ;MS86F_PWM1_HALF.C: 191: if(keytime<200)
  1148  00DB  30C8               	movlw	200
  1149  00DC  0279               	subwf	GetO3KeyEvent@keytime,w
  1150  00DD  1803               	skipnc
  1151  00DE  28F2               	goto	l2420
  1152  00DF  30C8               	movlw	200
  1153                           
  1154                           ;MS86F_PWM1_HALF.C: 192: {
  1155                           ;MS86F_PWM1_HALF.C: 193: keytime++;
  1156  00E0  0AF9               	incf	GetO3KeyEvent@keytime,f
  1157                           
  1158                           ;MS86F_PWM1_HALF.C: 194: if(keytime>=200)key_event = 2;
  1159  00E1  0279               	subwf	GetO3KeyEvent@keytime,w
  1160  00E2  1C03               	skipc
  1161  00E3  28F2               	goto	l2420
  1162  00E4  3002               	movlw	2
  1163  00E5  00F2               	movwf	GetO3KeyEvent@key_event
  1164  00E6  28F2               	goto	l2420
  1165  00E7                     l2412:	
  1166                           
  1167                           ;MS86F_PWM1_HALF.C: 197: else
  1168                           ;MS86F_PWM1_HALF.C: 198: {
  1169                           ;MS86F_PWM1_HALF.C: 199: if(keytime>10 && keytime<200)key_event=1;
  1170  00E7  300B               	movlw	11
  1171  00E8  0279               	subwf	GetO3KeyEvent@keytime,w
  1172  00E9  1C03               	skipc
  1173  00EA  28F1               	goto	l2418
  1174  00EB  30C8               	movlw	200
  1175  00EC  0279               	subwf	GetO3KeyEvent@keytime,w
  1176  00ED  1803               	skipnc
  1177  00EE  28F1               	goto	l2418
  1178  00EF  01F2               	clrf	GetO3KeyEvent@key_event
  1179  00F0  0AF2               	incf	GetO3KeyEvent@key_event,f
  1180  00F1                     l2418:	
  1181                           
  1182                           ;MS86F_PWM1_HALF.C: 200: keytime=0;
  1183  00F1  01F9               	clrf	GetO3KeyEvent@keytime
  1184  00F2                     l2420:	
  1185                           
  1186                           ;MS86F_PWM1_HALF.C: 201: }
  1187                           ;MS86F_PWM1_HALF.C: 202: return key_event;
  1188  00F2  0872               	movf	GetO3KeyEvent@key_event,w
  1189  00F3  0008               	return
  1190  00F4                     __end_of_GetO3KeyEvent:	
  1191                           
  1192                           	psect	text368
  1193  0142                     __ptext368:	
  1194 ;; =============== function _GetO3KeyEvent ends ============
  1195                           
  1196                           
  1197 ;; *************** function _ENABLE_INTERRUPT *****************
  1198 ;; Defined at:
  1199 ;;		line 170 in file "MS86F_PWM1_HALF.C"
  1200 ;; Parameters:    Size  Location     Type
  1201 ;;		None
  1202 ;; Auto vars:     Size  Location     Type
  1203 ;;		None
  1204 ;; Return value:  Size  Location     Type
  1205 ;;		None               void
  1206 ;; Registers used:
  1207 ;;		None
  1208 ;; Tracked objects:
  1209 ;;		On entry : 17F/20
  1210 ;;		On exit  : 17F/0
  1211 ;;		Unchanged: FFE80/0
  1212 ;; Data sizes:     COMMON   BANK0
  1213 ;;      Params:         0       0
  1214 ;;      Locals:         0       0
  1215 ;;      Temps:          0       0
  1216 ;;      Totals:         0       0
  1217 ;;Total ram usage:        0 bytes
  1218 ;; Hardware stack levels used:    1
  1219 ;; Hardware stack levels required when called:    1
  1220 ;; This function calls:
  1221 ;;		Nothing
  1222 ;; This function is called by:
  1223 ;;		_main
  1224 ;; This function uses a non-reentrant model
  1225 ;;
  1226  0142                     _ENABLE_INTERRUPT:	
  1227                           
  1228                           ;MS86F_PWM1_HALF.C: 171: T0IF = 0;
  1229                           
  1230                           ; Regs used in _ENABLE_INTERRUPT: []
  1231  0142  110B               	bcf	11,2
  1232                           
  1233                           ;MS86F_PWM1_HALF.C: 172: T0IE = 1;
  1234  0143  168B               	bsf	11,5
  1235                           
  1236                           ;MS86F_PWM1_HALF.C: 173: T0ON = 1;
  1237  0144  1283               	bcf	3,5	;RP0=0, select bank0
  1238  0145  159F               	bsf	31,3
  1239                           
  1240                           ;MS86F_PWM1_HALF.C: 175: GIE = 1;
  1241  0146  178B               	bsf	11,7
  1242  0147  0008               	return
  1243  0148                     __end_of_ENABLE_INTERRUPT:	
  1244                           
  1245                           	psect	text369
  1246  0148                     __ptext369:	
  1247 ;; =============== function _ENABLE_INTERRUPT ends ============
  1248                           
  1249                           
  1250 ;; *************** function _TIMER0_INIT *****************
  1251 ;; Defined at:
  1252 ;;		line 158 in file "MS86F_PWM1_HALF.C"
  1253 ;; Parameters:    Size  Location     Type
  1254 ;;		None
  1255 ;; Auto vars:     Size  Location     Type
  1256 ;;		None
  1257 ;; Return value:  Size  Location     Type
  1258 ;;		None               void
  1259 ;; Registers used:
  1260 ;;		wreg, status,2
  1261 ;; Tracked objects:
  1262 ;;		On entry : 17F/0
  1263 ;;		On exit  : 17F/20
  1264 ;;		Unchanged: FFE80/0
  1265 ;; Data sizes:     COMMON   BANK0
  1266 ;;      Params:         0       0
  1267 ;;      Locals:         0       0
  1268 ;;      Temps:          0       0
  1269 ;;      Totals:         0       0
  1270 ;;Total ram usage:        0 bytes
  1271 ;; Hardware stack levels used:    1
  1272 ;; Hardware stack levels required when called:    1
  1273 ;; This function calls:
  1274 ;;		Nothing
  1275 ;; This function is called by:
  1276 ;;		_main
  1277 ;; This function uses a non-reentrant model
  1278 ;;
  1279  0148                     _TIMER0_INIT:	
  1280                           
  1281                           ;MS86F_PWM1_HALF.C: 159: T0CON0 = 0B00000000;
  1282                           
  1283                           ; Regs used in _TIMER0_INIT: [wreg+status,2]
  1284  0148  019F               	clrf	31	;volatile
  1285                           
  1286                           ;MS86F_PWM1_HALF.C: 160: OPTION = 0B00000111;
  1287  0149  3007               	movlw	7
  1288  014A  1683               	bsf	3,5	;RP0=1, select bank1
  1289  014B  0081               	movwf	1	;volatile
  1290  014C  0008               	return
  1291  014D                     __end_of_TIMER0_INIT:	
  1292                           
  1293                           	psect	text370
  1294  013A                     __ptext370:	
  1295 ;; =============== function _TIMER0_INIT ends ============
  1296                           
  1297                           
  1298 ;; *************** function _DELAY_125US *****************
  1299 ;; Defined at:
  1300 ;;		line 107 in file "MS86F_PWM1_HALF.C"
  1301 ;; Parameters:    Size  Location     Type
  1302 ;;		None
  1303 ;; Auto vars:     Size  Location     Type
  1304 ;;  a               1    2[COMMON] unsigned char 
  1305 ;; Return value:  Size  Location     Type
  1306 ;;		None               void
  1307 ;; Registers used:
  1308 ;;		wreg, status,2, status,0
  1309 ;; Tracked objects:
  1310 ;;		On entry : 0/0
  1311 ;;		On exit  : 0/0
  1312 ;;		Unchanged: FFE00/0
  1313 ;; Data sizes:     COMMON   BANK0
  1314 ;;      Params:         0       0
  1315 ;;      Locals:         1       0
  1316 ;;      Temps:          0       0
  1317 ;;      Totals:         1       0
  1318 ;;Total ram usage:        1 bytes
  1319 ;; Hardware stack levels used:    1
  1320 ;; Hardware stack levels required when called:    1
  1321 ;; This function calls:
  1322 ;;		Nothing
  1323 ;; This function is called by:
  1324 ;;		_DELAY_MS
  1325 ;;		_PlaySound
  1326 ;; This function uses a non-reentrant model
  1327 ;;
  1328  013A                     _DELAY_125US:	
  1329                           
  1330                           ;MS86F_PWM1_HALF.C: 108: unsigned char a;
  1331                           ;MS86F_PWM1_HALF.C: 110: for(a=0;a<125;a++)
  1332                           
  1333                           ; Regs used in _DELAY_125US: [wreg+status,2+status,0]
  1334  013A  01F2               	clrf	DELAY_125US@a
  1335  013B                     l798:	
  1336  013B  0064               	clrwdt	;#
  1337  013C  307D               	movlw	125
  1338  013D  0AF2               	incf	DELAY_125US@a,f
  1339  013E  0272               	subwf	DELAY_125US@a,w
  1340  013F  1803               	btfsc	3,0
  1341  0140  0008               	return
  1342  0141  293B               	goto	l798
  1343  0142                     __end_of_DELAY_125US:	
  1344                           
  1345                           	psect	text371
  1346  00BB                     __ptext371:	
  1347 ;; =============== function _DELAY_125US ends ============
  1348                           
  1349                           
  1350 ;; *************** function _DEVICE_INIT *****************
  1351 ;; Defined at:
  1352 ;;		line 74 in file "MS86F_PWM1_HALF.C"
  1353 ;; Parameters:    Size  Location     Type
  1354 ;;		None
  1355 ;; Auto vars:     Size  Location     Type
  1356 ;;		None
  1357 ;; Return value:  Size  Location     Type
  1358 ;;		None               void
  1359 ;; Registers used:
  1360 ;;		wreg, status,2
  1361 ;; Tracked objects:
  1362 ;;		On entry : 17F/0
  1363 ;;		On exit  : 17F/0
  1364 ;;		Unchanged: FFE80/0
  1365 ;; Data sizes:     COMMON   BANK0
  1366 ;;      Params:         0       0
  1367 ;;      Locals:         0       0
  1368 ;;      Temps:          0       0
  1369 ;;      Totals:         0       0
  1370 ;;Total ram usage:        0 bytes
  1371 ;; Hardware stack levels used:    1
  1372 ;; Hardware stack levels required when called:    1
  1373 ;; This function calls:
  1374 ;;		Nothing
  1375 ;; This function is called by:
  1376 ;;		_main
  1377 ;; This function uses a non-reentrant model
  1378 ;;
  1379  00BB                     _DEVICE_INIT:	
  1380                           
  1381                           ;MS86F_PWM1_HALF.C: 75: OSCCON = 0B01110001;
  1382                           
  1383                           ; Regs used in _DEVICE_INIT: [wreg+status,2]
  1384  00BB  3071               	movlw	113
  1385  00BC  1683               	bsf	3,5	;RP0=1, select bank1
  1386  00BD  008F               	movwf	15	;volatile
  1387                           
  1388                           ;MS86F_PWM1_HALF.C: 78: INTCON = 0B00000000;
  1389  00BE  018B               	clrf	11	;volatile
  1390                           
  1391                           ;MS86F_PWM1_HALF.C: 79: OPTION = 0B00001000;
  1392  00BF  3008               	movlw	8
  1393  00C0  0081               	movwf	1	;volatile
  1394                           
  1395                           ;MS86F_PWM1_HALF.C: 81: PORTA = 0B11011000;
  1396  00C1  30D8               	movlw	216
  1397  00C2  1283               	bcf	3,5	;RP0=0, select bank0
  1398  00C3  0085               	movwf	5	;volatile
  1399                           
  1400                           ;MS86F_PWM1_HALF.C: 82: TRISA = 0B00100111;
  1401  00C4  3027               	movlw	39
  1402  00C5  1683               	bsf	3,5	;RP0=1, select bank1
  1403  00C6  0085               	movwf	5	;volatile
  1404                           
  1405                           ;MS86F_PWM1_HALF.C: 83: WPUA = 0B00100111;
  1406  00C7  0095               	movwf	21	;volatile
  1407                           
  1408                           ;MS86F_PWM1_HALF.C: 89: PORTC = 0B00000010;
  1409  00C8  3002               	movlw	2
  1410  00C9  1283               	bcf	3,5	;RP0=0, select bank0
  1411  00CA  0087               	movwf	7	;volatile
  1412                           
  1413                           ;MS86F_PWM1_HALF.C: 90: TRISC = 0B11111100;
  1414  00CB  30FC               	movlw	252
  1415  00CC  1683               	bsf	3,5	;RP0=1, select bank1
  1416  00CD  0087               	movwf	7	;volatile
  1417                           
  1418                           ;MS86F_PWM1_HALF.C: 91: WPUC = 0B11111100;
  1419  00CE  0093               	movwf	19	;volatile
  1420                           
  1421                           ;MS86F_PWM1_HALF.C: 93: PSRCA = 0B11111111;
  1422  00CF  30FF               	movlw	255
  1423  00D0  0088               	movwf	8	;volatile
  1424                           
  1425                           ;MS86F_PWM1_HALF.C: 94: PSRCC = 0B11111111;
  1426  00D1  0094               	movwf	20	;volatile
  1427                           
  1428                           ;MS86F_PWM1_HALF.C: 95: PSINKA = 0B11111111;
  1429  00D2  0097               	movwf	23	;volatile
  1430                           
  1431                           ;MS86F_PWM1_HALF.C: 96: PSINKC = 0B11111111;
  1432  00D3  009F               	movwf	31	;volatile
  1433                           
  1434                           ;MS86F_PWM1_HALF.C: 97: MSCON = 0B00110000;
  1435  00D4  3030               	movlw	48
  1436  00D5  1283               	bcf	3,5	;RP0=0, select bank0
  1437  00D6  009B               	movwf	27	;volatile
  1438  00D7  0008               	return
  1439  00D8                     __end_of_DEVICE_INIT:	
  1440                           
  1441                           	psect	text372
  1442  0043                     __ptext372:	
  1443 ;; =============== function _DEVICE_INIT ends ============
  1444                           
  1445                           
  1446 ;; *************** function _ISR *****************
  1447 ;; Defined at:
  1448 ;;		line 128 in file "MS86F_PWM1_HALF.C"
  1449 ;; Parameters:    Size  Location     Type
  1450 ;;		None
  1451 ;; Auto vars:     Size  Location     Type
  1452 ;;		None
  1453 ;; Return value:  Size  Location     Type
  1454 ;;		None               void
  1455 ;; Registers used:
  1456 ;;		wreg, status,2, status,0
  1457 ;; Tracked objects:
  1458 ;;		On entry : 0/0
  1459 ;;		On exit  : 0/0
  1460 ;;		Unchanged: FFFDF/0
  1461 ;; Data sizes:     COMMON   BANK0
  1462 ;;      Params:         0       0
  1463 ;;      Locals:         0       0
  1464 ;;      Temps:          2       0
  1465 ;;      Totals:         2       0
  1466 ;;Total ram usage:        2 bytes
  1467 ;; Hardware stack levels used:    1
  1468 ;; This function calls:
  1469 ;;		Nothing
  1470 ;; This function is called by:
  1471 ;;		Interrupt level 1
  1472 ;; This function uses a non-reentrant model
  1473 ;;
  1474  0043                     _ISR:	
  1475                           
  1476                           ;MS86F_PWM1_HALF.C: 129: if(T0IE&&T0IF)
  1477  0043  1A8B               	btfsc	11,5
  1478  0044  1D0B               	btfss	11,2
  1479  0045  2870               	goto	i1l815
  1480  0046  3006               	movlw	6
  1481                           
  1482                           ;MS86F_PWM1_HALF.C: 130: {
  1483                           ;MS86F_PWM1_HALF.C: 131: T0IF = 0;
  1484  0047  110B               	bcf	11,2
  1485                           
  1486                           ;MS86F_PWM1_HALF.C: 132: TMR0 = 6;
  1487  0048  1283               	bcf	3,5	;RP0=0, select bank0
  1488  0049  0081               	movwf	1	;volatile
  1489                           
  1490                           ;MS86F_PWM1_HALF.C: 133: T0_cnt++;
  1491  004A  0AC4               	incf	_T0_cnt,f	;volatile
  1492                           
  1493                           ;MS86F_PWM1_HALF.C: 134: if(T0_cnt>=125)
  1494  004B  307D               	movlw	125
  1495  004C  0244               	subwf	_T0_cnt,w	;volatile
  1496  004D  1C03               	skipc
  1497  004E  2870               	goto	i1l815
  1498                           
  1499                           ;MS86F_PWM1_HALF.C: 135: {
  1500                           ;MS86F_PWM1_HALF.C: 136: if(O3_working_timer)
  1501  004F  0841               	movf	_O3_working_timer+1,w
  1502  0050  0440               	iorwf	_O3_working_timer,w
  1503  0051  1903               	skipnz
  1504  0052  285F               	goto	i1l2192
  1505                           
  1506                           ;MS86F_PWM1_HALF.C: 137: {
  1507                           ;MS86F_PWM1_HALF.C: 138: O3_working_timer--;
  1508  0053  3001               	movlw	1
  1509  0054  02C0               	subwf	_O3_working_timer,f
  1510  0055  3000               	movlw	0
  1511  0056  1C03               	skipc
  1512  0057  03C1               	decf	_O3_working_timer+1,f
  1513  0058  02C1               	subwf	_O3_working_timer+1,f
  1514                           
  1515                           ;MS86F_PWM1_HALF.C: 139: if(O3_working_timer==0)O3_timeout=1;
  1516  0059  0841               	movf	_O3_working_timer+1,w
  1517  005A  0440               	iorwf	_O3_working_timer,w
  1518  005B  1D03               	skipz
  1519  005C  285F               	goto	i1l2192
  1520  005D  01FB               	clrf	_O3_timeout
  1521  005E  0AFB               	incf	_O3_timeout,f
  1522  005F                     i1l2192:	
  1523                           
  1524                           ;MS86F_PWM1_HALF.C: 140: }
  1525                           ;MS86F_PWM1_HALF.C: 141: if(UV_working_timer)
  1526  005F  0843               	movf	_UV_working_timer+1,w
  1527  0060  0442               	iorwf	_UV_working_timer,w
  1528  0061  1903               	skipnz
  1529  0062  286F               	goto	i1l2200
  1530                           
  1531                           ;MS86F_PWM1_HALF.C: 142: {
  1532                           ;MS86F_PWM1_HALF.C: 143: UV_working_timer--;
  1533  0063  3001               	movlw	1
  1534  0064  02C2               	subwf	_UV_working_timer,f
  1535  0065  3000               	movlw	0
  1536  0066  1C03               	skipc
  1537  0067  03C3               	decf	_UV_working_timer+1,f
  1538  0068  02C3               	subwf	_UV_working_timer+1,f
  1539                           
  1540                           ;MS86F_PWM1_HALF.C: 144: if(UV_working_timer==0)UV_timeout=1;
  1541  0069  0843               	movf	_UV_working_timer+1,w
  1542  006A  0442               	iorwf	_UV_working_timer,w
  1543  006B  1D03               	skipz
  1544  006C  286F               	goto	i1l2200
  1545  006D  01C5               	clrf	_UV_timeout
  1546  006E  0AC5               	incf	_UV_timeout,f
  1547  006F                     i1l2200:	
  1548                           
  1549                           ;MS86F_PWM1_HALF.C: 145: }
  1550                           ;MS86F_PWM1_HALF.C: 146: T0_cnt=0;
  1551  006F  01C4               	clrf	_T0_cnt	;volatile
  1552  0070                     i1l815:	
  1553  0070  0871               	movf	??_ISR+1,w
  1554  0071  008A               	movwf	10
  1555  0072  0E70               	swapf	??_ISR^(0+-128),w
  1556  0073  0083               	movwf	3
  1557  0074  0EFE               	swapf	126,f
  1558  0075  0E7E               	swapf	126,w
  1559  0076  0009               	retfie
  1560  0077                     __end_of_ISR:	
  1561                           
  1562                           	psect	intentry
  1563  0004                     __pintentry:	
  1564                           ; Regs used in _ISR: [wreg+status,2+status,0]
  1565                           
  1566  0004                     interrupt_function:	
  1567  007E                     saved_w	set	btemp
  1568  0004  00FE               	movwf	btemp
  1569  0005  0E03               	swapf	3,w
  1570  0006  00F0               	movwf	??_ISR
  1571  0007  080A               	movf	10,w
  1572  0008  00F1               	movwf	??_ISR+1
  1573  0009  2843               	ljmp	_ISR
  1574                           
  1575                           	psect	text373
  1576  0000                     __ptext373:	
  1577 ;; =============== function _ISR ends ============
  1578                           
  1579  007E                     btemp	set	126	;btemp
  1580  007E                     wtemp0	set	126


HI-TECH Software PICC Macro Assembler V9.83 build 10920 
Symbol Table                                                                                   Mon Jun 29 13:15:12 2020

                      _C1R 08CA                        _C2R 08D2                        l800 0000  
                      l821 0000                        l806 0000                        l818 0000  
                      l834 0000                        l844 0000                        l852 0129  
                      l849 0000                        l857 0118                        l795 0000  
                      l798 013B                        _GIE 005F                        _PA3 002B  
                      _PC0 0038                        _PC1 0039                        _PA6 002E  
                      _PC4 003C                        _PC5 003D                        _RA4 002C  
                      _RA7 002F                        _ISR 0043                        _SR0 0CF6  
                      _SR1 0CF7                        u770 0087                        _VR0 08C0  
                      u765 0105                        _VR1 08C1                        _VR2 08C2  
                      _VR3 08C3                        _VRR 08C5                       ?_ISR 0070  
                     _C1OE 08CD                       l2400 0000                       l2402 0000  
                     _C2OE 08D5                       l2420 00F2                       l2412 00E7  
                     l2500 0000                       l2510 0000                       l2502 0000  
                     l2360 0000                       l2408 0000                       l2432 0000  
                     l2424 0000                       l2512 0000                       l2504 0000  
                     _C1ON 08CF                       l2370 0000                       l2362 0000  
                     l2418 00F1                       l2442 00B8                       l2426 0000  
                     l2450 0000                       l2530 002B                       l2514 0018  
                     l2506 0000                       l2380 0000                       l2372 0000  
                     l2364 0000                       l2356 0000                       l2444 00B9  
                     l2436 00AE                       l2460 0000                       l2540 0039  
                     l2532 0000                       l2524 0026                       l2516 0000  
                     l2508 0000                       _C2ON 08D7                       l2382 0000  
                     l2374 0000                       l2366 0000                       l2358 0000  
                     l2390 0000                       l2454 0000                       l2470 0000  
                     l2462 0000                       l2542 003B                       l2526 0028  
                     l2376 0000                       l2368 0000                       l2392 0000  
                     l2384 0000                       l2456 00FF                       l2448 0000  
                     l2472 0000                       l2480 0000                       l2378 0000  
                     l2394 0000                       l2474 0000                       l2458 0000  
                     l2482 0000                       l2490 0000                       l2546 003E  
                     l2396 0000                       l2476 0000                       l2468 0089  
                     l2484 0000                       l2492 0000                       l2398 0000  
                     l2486 0000                       l2478 0000                       l2494 0000  
                     l2488 0000                       l2496 0000                       l2498 0000  
                     _ANS0 08F0                       _ANS1 08F1                       _ANS2 08F2  
                     _ANS3 08F3                       _ANS4 08F4                       _ANS5 08F5  
                     _ANS6 08F6                       _ANS7 08F7                       _ANS8 08F8  
                     _ANS9 08F9                       _T0IE 005D                       _T0IF 005A  
                     _T0ON 00FB                       _IOCB 0116                       _TMR0 0001  
                     _STRA 0CE8                       _STRB 0CE9                       _STRC 0CEA  
                     _STRD 0CEB                       _WREN 0C62                       _WPUA 0095  
                     _WPUB 0115                       _WPUC 0093                main@keycode 0047  
                     _main 000B                       btemp 007E       __size_of_DELAY_125US 0008  
                     start 000A           __end_of_DELAY_MS 010C                      ??_ISR 0070  
                    _C1CH0 08C8                      _C1CH1 08C9                      _C2CH0 08D0  
                    _C2CH1 08D1                      _C1SEN 0CF5                      _C2REN 0CF4  
                    _C1POL 08CC                      _C2POL 08D4                      _C1OUT 08CE  
                    _C2OUT 08D6                      ?_main 0070                      _ANS10 08FA  
                    _ANS11 08FB                      _EEPGD 0C67                      _ANSEL 011E  
                    _IOCB4 08B4                      _IOCB5 08B5                      _IOCB6 08B6  
                    _IOCB7 08B7                      _T1GSS 08D9                      i1l815 0070  
                    _MSCON 001B                      _VP6EN 08C4                      _PSRCA 0088  
                    _PSRCC 0094                      _PORTA 0005                      _PORTC 0007  
                    _SRCON 019E                      _PULSR 0CF2                      _PULSS 0CF3  
                    _TRISA 0085                      _TRISC 0087                      _VRCON 0118  
                    _WPUB4 08AC                      _WPUB5 08AD                      _WPUB6 08AE  
                    _WPUB7 08AF       __size_of_DEVICE_INIT 001D                      _SetO3 010C  
                    _SetUV 011E     GetUvKeyEvent@key_event 0072                      pclath 000A  
 __end_of_ENABLE_INTERRUPT 0148                      status 0003                      wtemp0 007E  
               _UV_timeout 0045               __end_of_main 0043                 PlaySound@i 0078  
             ?_TIMER0_INIT 0070                     ??_main 0079                     ?_SetO3 0070  
                   ?_SetUV 0070                     _C1VREN 08C7                     _C2VREN 08C6  
                   _C2SYNC 08D8                     _EEADRH 010F                     _EEDATH 010E  
                   _ANSELH 011F                     _MC1OUT 08DF                     _MC2OUT 08DE  
                   _T0CON0 001F                     i1l2200 006F                     i1l2180 0000  
                   i1l2172 0000                     i1l2182 0000                     i1l2192 005F  
                   i1l2178 0000                     i1l2196 0000                     i1l2188 0000  
    __end_of_GetUvKeyEvent 00BB                     _INTCON 000B                     _OSCCON 008F  
                   _T0_cnt 0044                     _PSINKA 0097                     _PSINKC 009F  
                   _OPTION 0081                  DELAY_MS@a 0075         __size_of_PlaySound 0027  
   __size_of_GetO3KeyEvent 001C                     saved_w 007E                  ?_DELAY_MS 0073  
            __end_of_SetO3 011E             __pcstackCOMMON 0070              __end_of_SetUV 012F  
              PlaySound@sn 0077       GetUvKeyEvent@keytime 007A                    ??_SetO3 0079  
                  ??_SetUV 0079                 ??_DELAY_MS 0075          __end_of_PlaySound 009E  
               __pbssBANK0 0040              _GetO3KeyEvent 00D8                 __pmaintext 000B  
               __pintentry 0004                    _CM1CON0 0119                    _CM2CON0 011A  
                  _CM2CON1 011B       __size_of_TIMER0_INIT 0005                    _PSTRCON 019D  
                  _STRSYNC 0CEC             ?_GetO3KeyEvent 0070              ??_DELAY_125US 0072  
        ?_ENABLE_INTERRUPT 0070         ??_ENABLE_INTERRUPT 0072              ??_DEVICE_INIT 0072  
             __size_of_ISR 0034       end_of_initialization 0138        __end_of_DELAY_125US 0142  
             DELAY_125US@a 0072        __end_of_DEVICE_INIT 00D8            ??_GetO3KeyEvent 0072  
        __size_of_DELAY_MS 0018               DELAY_MS@Time 0073                  SetO3@open 0046  
   __size_of_GetUvKeyEvent 001D                  SetUV@open 0046        start_initialization 012F  
              __end_of_ISR 0077                _DELAY_125US 013A                  _PlaySound 0077  
              _DEVICE_INIT 00BB                __pbssCOMMON 0079              __pcstackBANK0 0046  
            _GetUvKeyEvent 009E                 ?_PlaySound 0070           _UV_working_timer 0042  
                __ptext361 0000                  __ptext370 013A                  __ptext362 010C  
                __ptext371 00BB                  __ptext363 011E                  __ptext372 0043  
                __ptext364 0077                  __ptext373 0000                  __ptext365 00F4  
                __ptext366 009E                  __ptext367 00D8                  __ptext368 0142  
                __ptext369 0148  __size_of_ENABLE_INTERRUPT 0006              ??_TIMER0_INIT 0072  
     GetO3KeyEvent@keytime 0079             __size_of_SetO3 0012                   _DELAY_MS 00F4  
           __size_of_SetUV 0011             ?_GetUvKeyEvent 0070          interrupt_function 0004  
      __end_of_TIMER0_INIT 014D     GetO3KeyEvent@key_event 0072                ??_PlaySound 0077  
          ??_GetUvKeyEvent 0072      __end_of_GetO3KeyEvent 00F4               ?_DELAY_125US 0070  
            __size_of_main 0038           _ENABLE_INTERRUPT 0142                _TIMER0_INIT 0148  
             ?_DEVICE_INIT 0070                   intlevel1 0000                 _O3_timeout 007B  
         _O3_working_timer 0040  
